<?xml version="1.0" encoding="UTF-8"?>
<testng-results ignored="0" total="3" passed="2" failed="1" skipped="0">
  <reporter-output>
  </reporter-output>
  <suite started-at="2020-05-20T12:35:38 IST" name="Suite" finished-at="2020-05-20T12:36:35 IST" duration-ms="56934">
    <groups>
    </groups>
    <test started-at="2020-05-20T12:35:38 IST" name="Test" finished-at="2020-05-20T12:36:35 IST" duration-ms="56934">
      <class name="intermediateLevelTests.JQuerySelectDropdownTest">
        <test-method is-config="true" signature="underSecondTab()[pri:0, instance:intermediateLevelTests.JQuerySelectDropdownTest@192c3f1e]" started-at="2020-05-20T12:35:38 IST" name="underSecondTab" finished-at="2020-05-20T12:36:06 IST" duration-ms="28206" status="PASS">
          <reporter-output>
          </reporter-output>
        </test-method> <!-- underSecondTab -->
        <test-method signature="JQuerySelectDropdownVerify()[pri:0, instance:intermediateLevelTests.JQuerySelectDropdownTest@192c3f1e]" started-at="2020-05-20T12:36:06 IST" name="JQuerySelectDropdownVerify" finished-at="2020-05-20T12:36:10 IST" duration-ms="3790" status="PASS">
          <reporter-output>
          </reporter-output>
        </test-method> <!-- JQuerySelectDropdownVerify -->
        <test-method is-config="true" signature="closeTabs()[pri:0, instance:intermediateLevelTests.JQuerySelectDropdownTest@192c3f1e]" started-at="2020-05-20T12:36:10 IST" name="closeTabs" finished-at="2020-05-20T12:36:11 IST" duration-ms="728" status="PASS">
          <reporter-output>
          </reporter-output>
        </test-method> <!-- closeTabs -->
      </class> <!-- intermediateLevelTests.JQuerySelectDropdownTest -->
      <class name="applicationTests.CheckBoxDemoTest">
        <test-method is-config="true" signature="underSecondTab()[pri:0, instance:applicationTests.CheckBoxDemoTest@26b3fd41]" started-at="2020-05-20T12:36:11 IST" name="underSecondTab" finished-at="2020-05-20T12:36:19 IST" duration-ms="8011" status="PASS">
          <reporter-output>
          </reporter-output>
        </test-method> <!-- underSecondTab -->
        <test-method signature="multipleCheckBoxVerify()[pri:0, instance:applicationTests.CheckBoxDemoTest@26b3fd41]" started-at="2020-05-20T12:36:19 IST" name="multipleCheckBoxVerify" finished-at="2020-05-20T12:36:20 IST" duration-ms="950" status="PASS">
          <reporter-output>
          </reporter-output>
        </test-method> <!-- multipleCheckBoxVerify -->
        <test-method is-config="true" signature="closeTabs()[pri:0, instance:applicationTests.CheckBoxDemoTest@26b3fd41]" started-at="2020-05-20T12:36:20 IST" name="closeTabs" finished-at="2020-05-20T12:36:21 IST" duration-ms="1331" status="PASS">
          <reporter-output>
          </reporter-output>
        </test-method> <!-- closeTabs -->
        <test-method is-config="true" signature="underSecondTab()[pri:0, instance:applicationTests.CheckBoxDemoTest@26b3fd41]" started-at="2020-05-20T12:36:21 IST" name="underSecondTab" finished-at="2020-05-20T12:36:33 IST" duration-ms="11422" status="PASS">
          <reporter-output>
          </reporter-output>
        </test-method> <!-- underSecondTab -->
        <test-method signature="singleCheckBoxVerify()[pri:0, instance:applicationTests.CheckBoxDemoTest@26b3fd41]" started-at="2020-05-20T12:36:33 IST" name="singleCheckBoxVerify" finished-at="2020-05-20T12:36:33 IST" duration-ms="797" status="FAIL">
          <exception class="java.lang.AssertionError">
            <message>
              <![CDATA[expected [Success - aaCheck box is checked] but found [Success - Check box is checked]]]>
            </message>
            <full-stacktrace>
              <![CDATA[java.lang.AssertionError: expected [Success - aaCheck box is checked] but found [Success - Check box is checked]
at org.testng.Assert.fail(Assert.java:97)
at org.testng.Assert.assertEqualsImpl(Assert.java:136)
at org.testng.Assert.assertEquals(Assert.java:118)
at org.testng.Assert.assertEquals(Assert.java:575)
at org.testng.Assert.assertEquals(Assert.java:585)
at applicationTests.CheckBoxDemoTest.singleCheckBoxVerify(CheckBoxDemoTest.java:66)
at java.base/jdk.internal.reflect.NativeMethodAccessorImpl.invoke0(Native Method)
at java.base/jdk.internal.reflect.NativeMethodAccessorImpl.invoke(NativeMethodAccessorImpl.java:62)
at java.base/jdk.internal.reflect.DelegatingMethodAccessorImpl.invoke(DelegatingMethodAccessorImpl.java:43)
at java.base/java.lang.reflect.Method.invoke(Method.java:564)
at org.testng.internal.MethodInvocationHelper.invokeMethod(MethodInvocationHelper.java:134)
at org.testng.internal.TestInvoker.invokeMethod(TestInvoker.java:597)
at org.testng.internal.TestInvoker.invokeTestMethod(TestInvoker.java:173)
at org.testng.internal.MethodRunner.runInSequence(MethodRunner.java:46)
at org.testng.internal.TestInvoker$MethodInvocationAgent.invoke(TestInvoker.java:816)
at org.testng.internal.TestInvoker.invokeTestMethods(TestInvoker.java:146)
at org.testng.internal.TestMethodWorker.invokeTestMethods(TestMethodWorker.java:146)
at org.testng.internal.TestMethodWorker.run(TestMethodWorker.java:128)
at java.base/java.util.ArrayList.forEach(ArrayList.java:1510)
at org.testng.TestRunner.privateRun(TestRunner.java:766)
at org.testng.TestRunner.run(TestRunner.java:587)
at org.testng.SuiteRunner.runTest(SuiteRunner.java:384)
at org.testng.SuiteRunner.access$000(SuiteRunner.java:28)
at org.testng.SuiteRunner$SuiteWorker.run(SuiteRunner.java:425)
at org.testng.internal.thread.ThreadUtil.lambda$execute$0(ThreadUtil.java:68)
at java.base/java.util.concurrent.FutureTask.run(FutureTask.java:264)
at java.base/java.util.concurrent.ThreadPoolExecutor.runWorker(ThreadPoolExecutor.java:1130)
at java.base/java.util.concurrent.ThreadPoolExecutor$Worker.run(ThreadPoolExecutor.java:630)
at java.base/java.lang.Thread.run(Thread.java:832)
]]>
            </full-stacktrace>
          </exception> <!-- java.lang.AssertionError -->
          <reporter-output>
          </reporter-output>
        </test-method> <!-- singleCheckBoxVerify -->
        <test-method is-config="true" signature="closeTabs()[pri:0, instance:applicationTests.CheckBoxDemoTest@26b3fd41]" started-at="2020-05-20T12:36:34 IST" name="closeTabs" finished-at="2020-05-20T12:36:35 IST" duration-ms="761" status="PASS">
          <reporter-output>
          </reporter-output>
        </test-method> <!-- closeTabs -->
      </class> <!-- applicationTests.CheckBoxDemoTest -->
    </test> <!-- Test -->
  </suite> <!-- Suite -->
</testng-results>
